[debug] [2023-11-13T20:18:20.753Z] ----------------------------------------------------------------------
[debug] [2023-11-13T20:18:20.757Z] Command:       C:\Program Files\nodejs\node.exe C:\Users\nm\AppData\Roaming\npm\node_modules\firebase-tools\lib\bin\firebase.js init
[debug] [2023-11-13T20:18:20.758Z] CLI Version:   12.8.1
[debug] [2023-11-13T20:18:20.759Z] Platform:      win32
[debug] [2023-11-13T20:18:20.759Z] Node Version:  v18.14.0
[debug] [2023-11-13T20:18:20.761Z] Time:          Tue Nov 14 2023 02:18:20 GMT+0600 (East Kazakhstan Time)
[debug] [2023-11-13T20:18:20.762Z] ----------------------------------------------------------------------
[debug] 
[debug] [2023-11-13T20:18:20.878Z] > command requires scopes: ["email","openid","https://www.googleapis.com/auth/cloudplatformprojects.readonly","https://www.googleapis.com/auth/firebase","https://www.googleapis.com/auth/cloud-platform"]
[debug] [2023-11-13T20:18:20.879Z] > authorizing via signed-in user (e17379@eng.pdn.ac.lk)
[info] 
     ######## #### ########  ######## ########     ###     ######  ########
     ##        ##  ##     ## ##       ##     ##  ##   ##  ##       ##
     ######    ##  ########  ######   ########  #########  ######  ######
     ##        ##  ##    ##  ##       ##     ## ##     ##       ## ##
     ##       #### ##     ## ######## ########  ##     ##  ######  ########

You're about to initialize a Firebase project in this directory:

  D:\reserch-poshad-code\e17-4yp-Virtual-Patient-Simulator-for-Skill-Training-in-Dentistry\Current_Web_App

Before we get started, keep in mind:

  * You are initializing within an existing Firebase project directory

[info] 
=== Project Setup
[info] 
[info] First, let's associate this project directory with a Firebase project.
[info] You can create multiple project aliases by running firebase use --add, 
[info] but for now we'll just set up a default project.
[info] 
[info] i  If you want to create a project in a Google Cloud organization or folder, please use "firebase projects:create" instead, and return to this command when you've created the project. 
[debug] [2023-11-13T20:19:10.962Z] > refreshing access token with scopes: []
[debug] [2023-11-13T20:19:10.965Z] >>> [apiv2][query] POST https://www.googleapis.com/oauth2/v3/token [none]
[debug] [2023-11-13T20:19:10.966Z] >>> [apiv2][body] POST https://www.googleapis.com/oauth2/v3/token [omitted]
[debug] [2023-11-13T20:19:11.273Z] <<< [apiv2][status] POST https://www.googleapis.com/oauth2/v3/token 200
[debug] [2023-11-13T20:19:11.273Z] <<< [apiv2][body] POST https://www.googleapis.com/oauth2/v3/token [omitted]
[debug] [2023-11-13T20:19:11.289Z] >>> [apiv2][query] POST https://cloudresourcemanager.googleapis.com/v1/projects [none]
[debug] [2023-11-13T20:19:11.289Z] >>> [apiv2][body] POST https://cloudresourcemanager.googleapis.com/v1/projects {"projectId":"New-vps","name":"simulator"}
[debug] [2023-11-13T20:19:12.475Z] <<< [apiv2][status] POST https://cloudresourcemanager.googleapis.com/v1/projects 400
[debug] [2023-11-13T20:19:12.475Z] <<< [apiv2][body] POST https://cloudresourcemanager.googleapis.com/v1/projects {"error":{"code":400,"message":"field [project_id] has issue [project_id contains invalid characters]","status":"INVALID_ARGUMENT","details":[{"@type":"type.googleapis.com/google.rpc.BadRequest","fieldViolations":[{"field":"project_id","description":"project_id contains invalid characters"}]},{"@type":"type.googleapis.com/google.rpc.Help","links":[{"url":"https://cloud.google.com/resource-manager/reference/rest/v1/projects"}]}]}}
[debug] [2023-11-13T20:19:12.638Z] FirebaseError: HTTP Error: 400, field [project_id] has issue [project_id contains invalid characters]
    at responseToError (C:\Users\nm\AppData\Roaming\npm\node_modules\firebase-tools\lib\responseToError.js:49:12)
    at RetryOperation._fn (C:\Users\nm\AppData\Roaming\npm\node_modules\firebase-tools\lib\apiv2.js:285:77)
    at process.processTicksAndRejections (node:internal/process/task_queues:95:5)
[error] 
[error] Error: Failed to create project. See firebase-debug.log for more info.
[debug] [2023-11-13T20:20:04.031Z] ----------------------------------------------------------------------
[debug] [2023-11-13T20:20:04.034Z] Command:       C:\Program Files\nodejs\node.exe C:\Users\nm\AppData\Roaming\npm\node_modules\firebase-tools\lib\bin\firebase.js init
[debug] [2023-11-13T20:20:04.035Z] CLI Version:   12.8.1
[debug] [2023-11-13T20:20:04.036Z] Platform:      win32
[debug] [2023-11-13T20:20:04.036Z] Node Version:  v18.14.0
[debug] [2023-11-13T20:20:04.038Z] Time:          Tue Nov 14 2023 02:20:04 GMT+0600 (East Kazakhstan Time)
[debug] [2023-11-13T20:20:04.038Z] ----------------------------------------------------------------------
[debug] 
[debug] [2023-11-13T20:20:04.152Z] > command requires scopes: ["email","openid","https://www.googleapis.com/auth/cloudplatformprojects.readonly","https://www.googleapis.com/auth/firebase","https://www.googleapis.com/auth/cloud-platform"]
[debug] [2023-11-13T20:20:04.153Z] > authorizing via signed-in user (e17379@eng.pdn.ac.lk)
[info] 
     ######## #### ########  ######## ########     ###     ######  ########
     ##        ##  ##     ## ##       ##     ##  ##   ##  ##       ##
     ######    ##  ########  ######   ########  #########  ######  ######
     ##        ##  ##    ##  ##       ##     ## ##     ##       ## ##
     ##       #### ##     ## ######## ########  ##     ##  ######  ########

You're about to initialize a Firebase project in this directory:

  D:\reserch-poshad-code\e17-4yp-Virtual-Patient-Simulator-for-Skill-Training-in-Dentistry\Current_Web_App

Before we get started, keep in mind:

  * You are initializing within an existing Firebase project directory

[info] 
=== Project Setup
[info] 
[info] First, let's associate this project directory with a Firebase project.
[info] You can create multiple project aliases by running firebase use --add, 
[info] but for now we'll just set up a default project.
[info] 
[info] i  If you want to create a project in a Google Cloud organization or folder, please use "firebase projects:create" instead, and return to this command when you've created the project. 
[debug] [2023-11-13T20:20:58.871Z] >>> [apiv2][query] POST https://cloudresourcemanager.googleapis.com/v1/projects [none]
[debug] [2023-11-13T20:20:58.872Z] >>> [apiv2][body] POST https://cloudresourcemanager.googleapis.com/v1/projects {"projectId":"New","name":"simulator"}
[debug] [2023-11-13T20:21:00.189Z] <<< [apiv2][status] POST https://cloudresourcemanager.googleapis.com/v1/projects 400
[debug] [2023-11-13T20:21:00.190Z] <<< [apiv2][body] POST https://cloudresourcemanager.googleapis.com/v1/projects {"error":{"code":400,"message":"Request contains an invalid argument.","status":"INVALID_ARGUMENT","details":[{"@type":"type.googleapis.com/google.rpc.BadRequest","fieldViolations":[{"field":"project_id","description":"project_id must be at least 6 characters long"},{"field":"project_id","description":"project_id contains invalid characters"}]},{"@type":"type.googleapis.com/google.rpc.Help","links":[{"url":"https://cloud.google.com/resource-manager/reference/rest/v1/projects"}]}]}}
[debug] [2023-11-13T20:21:00.379Z] FirebaseError: HTTP Error: 400, Request contains an invalid argument.
    at responseToError (C:\Users\nm\AppData\Roaming\npm\node_modules\firebase-tools\lib\responseToError.js:49:12)
    at RetryOperation._fn (C:\Users\nm\AppData\Roaming\npm\node_modules\firebase-tools\lib\apiv2.js:285:77)
    at process.processTicksAndRejections (node:internal/process/task_queues:95:5)
[error] 
[error] Error: Failed to create project. See firebase-debug.log for more info.
[debug] [2023-11-13T20:22:20.956Z] ----------------------------------------------------------------------
[debug] [2023-11-13T20:22:20.960Z] Command:       C:\Program Files\nodejs\node.exe C:\Users\nm\AppData\Roaming\npm\node_modules\firebase-tools\lib\bin\firebase.js init
[debug] [2023-11-13T20:22:20.961Z] CLI Version:   12.8.1
[debug] [2023-11-13T20:22:20.961Z] Platform:      win32
[debug] [2023-11-13T20:22:20.962Z] Node Version:  v18.14.0
[debug] [2023-11-13T20:22:20.964Z] Time:          Tue Nov 14 2023 02:22:20 GMT+0600 (East Kazakhstan Time)
[debug] [2023-11-13T20:22:20.964Z] ----------------------------------------------------------------------
[debug] 
[debug] [2023-11-13T20:22:21.077Z] > command requires scopes: ["email","openid","https://www.googleapis.com/auth/cloudplatformprojects.readonly","https://www.googleapis.com/auth/firebase","https://www.googleapis.com/auth/cloud-platform"]
[debug] [2023-11-13T20:22:21.078Z] > authorizing via signed-in user (e17379@eng.pdn.ac.lk)
[info] 
     ######## #### ########  ######## ########     ###     ######  ########
     ##        ##  ##     ## ##       ##     ##  ##   ##  ##       ##
     ######    ##  ########  ######   ########  #########  ######  ######
     ##        ##  ##    ##  ##       ##     ## ##     ##       ## ##
     ##       #### ##     ## ######## ########  ##     ##  ######  ########

You're about to initialize a Firebase project in this directory:

  D:\reserch-poshad-code\e17-4yp-Virtual-Patient-Simulator-for-Skill-Training-in-Dentistry\Current_Web_App

Before we get started, keep in mind:

  * You are initializing within an existing Firebase project directory

[info] 
=== Project Setup
[info] 
[info] First, let's associate this project directory with a Firebase project.
[info] You can create multiple project aliases by running firebase use --add, 
[info] but for now we'll just set up a default project.
[info] 
[info] i  If you want to create a project in a Google Cloud organization or folder, please use "firebase projects:create" instead, and return to this command when you've created the project. 
[debug] [2023-11-13T20:23:17.024Z] >>> [apiv2][query] POST https://cloudresourcemanager.googleapis.com/v1/projects [none]
[debug] [2023-11-13T20:23:17.024Z] >>> [apiv2][body] POST https://cloudresourcemanager.googleapis.com/v1/projects {"projectId":"finalyearproject","name":"finalyearprojectdep"}
[debug] [2023-11-13T20:23:18.307Z] <<< [apiv2][status] POST https://cloudresourcemanager.googleapis.com/v1/projects 409
[debug] [2023-11-13T20:23:18.307Z] <<< [apiv2][body] POST https://cloudresourcemanager.googleapis.com/v1/projects {"error":{"code":409,"message":"Requested entity already exists","status":"ALREADY_EXISTS"}}
[debug] [2023-11-13T20:23:18.504Z] FirebaseError: HTTP Error: 409, Requested entity already exists
    at responseToError (C:\Users\nm\AppData\Roaming\npm\node_modules\firebase-tools\lib\responseToError.js:49:12)
    at RetryOperation._fn (C:\Users\nm\AppData\Roaming\npm\node_modules\firebase-tools\lib\apiv2.js:285:77)
    at process.processTicksAndRejections (node:internal/process/task_queues:95:5)
[error] 
[error] Error: Failed to create project because there is already a project with ID finalyearproject. Please try again with a unique project ID.
[debug] [2023-11-13T20:23:40.725Z] ----------------------------------------------------------------------
[debug] [2023-11-13T20:23:40.730Z] Command:       C:\Program Files\nodejs\node.exe C:\Users\nm\AppData\Roaming\npm\node_modules\firebase-tools\lib\bin\firebase.js init
[debug] [2023-11-13T20:23:40.731Z] CLI Version:   12.8.1
[debug] [2023-11-13T20:23:40.731Z] Platform:      win32
[debug] [2023-11-13T20:23:40.732Z] Node Version:  v18.14.0
[debug] [2023-11-13T20:23:40.733Z] Time:          Tue Nov 14 2023 02:23:40 GMT+0600 (East Kazakhstan Time)
[debug] [2023-11-13T20:23:40.733Z] ----------------------------------------------------------------------
[debug] 
[debug] [2023-11-13T20:23:40.854Z] > command requires scopes: ["email","openid","https://www.googleapis.com/auth/cloudplatformprojects.readonly","https://www.googleapis.com/auth/firebase","https://www.googleapis.com/auth/cloud-platform"]
[debug] [2023-11-13T20:23:40.855Z] > authorizing via signed-in user (e17379@eng.pdn.ac.lk)
[info] 
     ######## #### ########  ######## ########     ###     ######  ########
     ##        ##  ##     ## ##       ##     ##  ##   ##  ##       ##
     ######    ##  ########  ######   ########  #########  ######  ######
     ##        ##  ##    ##  ##       ##     ## ##     ##       ## ##
     ##       #### ##     ## ######## ########  ##     ##  ######  ########

You're about to initialize a Firebase project in this directory:

  D:\reserch-poshad-code\e17-4yp-Virtual-Patient-Simulator-for-Skill-Training-in-Dentistry\Current_Web_App

Before we get started, keep in mind:

  * You are initializing within an existing Firebase project directory

[info] 
=== Project Setup
[info] 
[info] First, let's associate this project directory with a Firebase project.
[info] You can create multiple project aliases by running firebase use --add, 
[info] but for now we'll just set up a default project.
[info] 
[info] i  If you want to create a project in a Google Cloud organization or folder, please use "firebase projects:create" instead, and return to this command when you've created the project. 
[debug] [2023-11-13T20:24:04.838Z] >>> [apiv2][query] POST https://cloudresourcemanager.googleapis.com/v1/projects [none]
[debug] [2023-11-13T20:24:04.838Z] >>> [apiv2][body] POST https://cloudresourcemanager.googleapis.com/v1/projects {"projectId":"finalyearprojectnew","name":"finalyearprojectnew1"}
[debug] [2023-11-13T20:24:06.072Z] <<< [apiv2][status] POST https://cloudresourcemanager.googleapis.com/v1/projects 409
[debug] [2023-11-13T20:24:06.072Z] <<< [apiv2][body] POST https://cloudresourcemanager.googleapis.com/v1/projects {"error":{"code":409,"message":"Requested entity already exists","status":"ALREADY_EXISTS"}}
[debug] [2023-11-13T20:24:06.272Z] FirebaseError: HTTP Error: 409, Requested entity already exists
    at responseToError (C:\Users\nm\AppData\Roaming\npm\node_modules\firebase-tools\lib\responseToError.js:49:12)
    at RetryOperation._fn (C:\Users\nm\AppData\Roaming\npm\node_modules\firebase-tools\lib\apiv2.js:285:77)
    at process.processTicksAndRejections (node:internal/process/task_queues:95:5)
[error] 
[error] Error: Failed to create project because there is already a project with ID finalyearprojectnew. Please try again with a unique project ID.
[debug] [2023-11-13T20:24:25.650Z] ----------------------------------------------------------------------
[debug] [2023-11-13T20:24:25.655Z] Command:       C:\Program Files\nodejs\node.exe C:\Users\nm\AppData\Roaming\npm\node_modules\firebase-tools\lib\bin\firebase.js init
[debug] [2023-11-13T20:24:25.656Z] CLI Version:   12.8.1
[debug] [2023-11-13T20:24:25.656Z] Platform:      win32
[debug] [2023-11-13T20:24:25.657Z] Node Version:  v18.14.0
[debug] [2023-11-13T20:24:25.659Z] Time:          Tue Nov 14 2023 02:24:25 GMT+0600 (East Kazakhstan Time)
[debug] [2023-11-13T20:24:25.659Z] ----------------------------------------------------------------------
[debug] 
[debug] [2023-11-13T20:24:25.778Z] > command requires scopes: ["email","openid","https://www.googleapis.com/auth/cloudplatformprojects.readonly","https://www.googleapis.com/auth/firebase","https://www.googleapis.com/auth/cloud-platform"]
[debug] [2023-11-13T20:24:25.779Z] > authorizing via signed-in user (e17379@eng.pdn.ac.lk)
[info] 
     ######## #### ########  ######## ########     ###     ######  ########
     ##        ##  ##     ## ##       ##     ##  ##   ##  ##       ##
     ######    ##  ########  ######   ########  #########  ######  ######
     ##        ##  ##    ##  ##       ##     ## ##     ##       ## ##
     ##       #### ##     ## ######## ########  ##     ##  ######  ########

You're about to initialize a Firebase project in this directory:

  D:\reserch-poshad-code\e17-4yp-Virtual-Patient-Simulator-for-Skill-Training-in-Dentistry\Current_Web_App

Before we get started, keep in mind:

  * You are initializing within an existing Firebase project directory

[info] 
=== Project Setup
[info] 
[info] First, let's associate this project directory with a Firebase project.
[info] You can create multiple project aliases by running firebase use --add, 
[info] but for now we'll just set up a default project.
[info] 
[info] i  If you want to create a project in a Google Cloud organization or folder, please use "firebase projects:create" instead, and return to this command when you've created the project. 
[debug] [2023-11-13T20:25:03.540Z] >>> [apiv2][query] POST https://cloudresourcemanager.googleapis.com/v1/projects [none]
[debug] [2023-11-13T20:25:03.541Z] >>> [apiv2][body] POST https://cloudresourcemanager.googleapis.com/v1/projects {"projectId":"dilanddsfinalproject11","name":"dilanddsfinalprojecthost"}
[debug] [2023-11-13T20:25:05.611Z] <<< [apiv2][status] POST https://cloudresourcemanager.googleapis.com/v1/projects 200
[debug] [2023-11-13T20:25:05.612Z] <<< [apiv2][body] POST https://cloudresourcemanager.googleapis.com/v1/projects {"name":"operations/cp.5754119684922188402"}
[debug] [2023-11-13T20:25:05.614Z] >>> [apiv2][query] GET https://cloudresourcemanager.googleapis.com/v1/operations/cp.5754119684922188402 [none]
[debug] [2023-11-13T20:25:07.026Z] <<< [apiv2][status] GET https://cloudresourcemanager.googleapis.com/v1/operations/cp.5754119684922188402 200
[debug] [2023-11-13T20:25:07.027Z] <<< [apiv2][body] GET https://cloudresourcemanager.googleapis.com/v1/operations/cp.5754119684922188402 {"name":"operations/cp.5754119684922188402"}
[debug] [2023-11-13T20:25:07.531Z] [Project Creation Poller] Retrying task index 0
[debug] [2023-11-13T20:25:07.533Z] >>> [apiv2][query] GET https://cloudresourcemanager.googleapis.com/v1/operations/cp.5754119684922188402 [none]
[debug] [2023-11-13T20:25:08.808Z] <<< [apiv2][status] GET https://cloudresourcemanager.googleapis.com/v1/operations/cp.5754119684922188402 200
[debug] [2023-11-13T20:25:08.808Z] <<< [apiv2][body] GET https://cloudresourcemanager.googleapis.com/v1/operations/cp.5754119684922188402 {"name":"operations/cp.5754119684922188402","metadata":{"@type":"type.googleapis.com/google.cloudresourcemanager.v1.ProjectCreationStatus","gettable":true}}
[debug] [2023-11-13T20:25:09.812Z] [Project Creation Poller] Retrying task index 0
[debug] [2023-11-13T20:25:09.814Z] >>> [apiv2][query] GET https://cloudresourcemanager.googleapis.com/v1/operations/cp.5754119684922188402 [none]
[debug] [2023-11-13T20:25:11.119Z] <<< [apiv2][status] GET https://cloudresourcemanager.googleapis.com/v1/operations/cp.5754119684922188402 200
[debug] [2023-11-13T20:25:11.119Z] <<< [apiv2][body] GET https://cloudresourcemanager.googleapis.com/v1/operations/cp.5754119684922188402 {"name":"operations/cp.5754119684922188402","metadata":{"@type":"type.googleapis.com/google.cloudresourcemanager.v1.ProjectCreationStatus","gettable":true,"ready":true},"done":true,"response":{"@type":"type.googleapis.com/google.cloudresourcemanager.v1.Project","projectNumber":"296151000693","projectId":"dilanddsfinalproject11","lifecycleState":"ACTIVE","name":"dilanddsfinalprojecthost","createTime":"2023-11-13T20:25:06.988483Z","parent":{"type":"organization","id":"150555738108"}}}
[debug] [2023-11-13T20:25:11.127Z] >>> [apiv2][query] POST https://firebase.googleapis.com/v1beta1/projects/dilanddsfinalproject11:addFirebase [none]
[debug] [2023-11-13T20:25:15.317Z] <<< [apiv2][status] POST https://firebase.googleapis.com/v1beta1/projects/dilanddsfinalproject11:addFirebase 200
[debug] [2023-11-13T20:25:15.318Z] <<< [apiv2][body] POST https://firebase.googleapis.com/v1beta1/projects/dilanddsfinalproject11:addFirebase {"name":"operations/workflows/YjEwMTZjMTItYjA2ZS00YzI1LTk2ZjgtYjIyZjU5YjdkMDk4"}
[debug] [2023-11-13T20:25:15.319Z] >>> [apiv2][query] GET https://firebase.googleapis.com/v1beta1/operations/workflows/YjEwMTZjMTItYjA2ZS00YzI1LTk2ZjgtYjIyZjU5YjdkMDk4 [none]
[debug] [2023-11-13T20:25:16.748Z] <<< [apiv2][status] GET https://firebase.googleapis.com/v1beta1/operations/workflows/YjEwMTZjMTItYjA2ZS00YzI1LTk2ZjgtYjIyZjU5YjdkMDk4 200
[debug] [2023-11-13T20:25:16.749Z] <<< [apiv2][body] GET https://firebase.googleapis.com/v1beta1/operations/workflows/YjEwMTZjMTItYjA2ZS00YzI1LTk2ZjgtYjIyZjU5YjdkMDk4 {"name":"operations/workflows/YjEwMTZjMTItYjA2ZS00YzI1LTk2ZjgtYjIyZjU5YjdkMDk4"}
[debug] [2023-11-13T20:25:17.263Z] [Add Firebase Poller] Retrying task index 0
[debug] [2023-11-13T20:25:17.264Z] >>> [apiv2][query] GET https://firebase.googleapis.com/v1beta1/operations/workflows/YjEwMTZjMTItYjA2ZS00YzI1LTk2ZjgtYjIyZjU5YjdkMDk4 [none]
[debug] [2023-11-13T20:25:18.461Z] <<< [apiv2][status] GET https://firebase.googleapis.com/v1beta1/operations/workflows/YjEwMTZjMTItYjA2ZS00YzI1LTk2ZjgtYjIyZjU5YjdkMDk4 200
[debug] [2023-11-13T20:25:18.461Z] <<< [apiv2][body] GET https://firebase.googleapis.com/v1beta1/operations/workflows/YjEwMTZjMTItYjA2ZS00YzI1LTk2ZjgtYjIyZjU5YjdkMDk4 {"name":"operations/workflows/YjEwMTZjMTItYjA2ZS00YzI1LTk2ZjgtYjIyZjU5YjdkMDk4"}
[debug] [2023-11-13T20:25:19.466Z] [Add Firebase Poller] Retrying task index 0
[debug] [2023-11-13T20:25:19.467Z] >>> [apiv2][query] GET https://firebase.googleapis.com/v1beta1/operations/workflows/YjEwMTZjMTItYjA2ZS00YzI1LTk2ZjgtYjIyZjU5YjdkMDk4 [none]
[debug] [2023-11-13T20:25:20.292Z] <<< [apiv2][status] GET https://firebase.googleapis.com/v1beta1/operations/workflows/YjEwMTZjMTItYjA2ZS00YzI1LTk2ZjgtYjIyZjU5YjdkMDk4 200
[debug] [2023-11-13T20:25:20.292Z] <<< [apiv2][body] GET https://firebase.googleapis.com/v1beta1/operations/workflows/YjEwMTZjMTItYjA2ZS00YzI1LTk2ZjgtYjIyZjU5YjdkMDk4 {"name":"operations/workflows/YjEwMTZjMTItYjA2ZS00YzI1LTk2ZjgtYjIyZjU5YjdkMDk4"}
[debug] [2023-11-13T20:25:22.323Z] [Add Firebase Poller] Retrying task index 0
[debug] [2023-11-13T20:25:22.325Z] >>> [apiv2][query] GET https://firebase.googleapis.com/v1beta1/operations/workflows/YjEwMTZjMTItYjA2ZS00YzI1LTk2ZjgtYjIyZjU5YjdkMDk4 [none]
[debug] [2023-11-13T20:25:23.458Z] <<< [apiv2][status] GET https://firebase.googleapis.com/v1beta1/operations/workflows/YjEwMTZjMTItYjA2ZS00YzI1LTk2ZjgtYjIyZjU5YjdkMDk4 200
[debug] [2023-11-13T20:25:23.458Z] <<< [apiv2][body] GET https://firebase.googleapis.com/v1beta1/operations/workflows/YjEwMTZjMTItYjA2ZS00YzI1LTk2ZjgtYjIyZjU5YjdkMDk4 {"name":"operations/workflows/YjEwMTZjMTItYjA2ZS00YzI1LTk2ZjgtYjIyZjU5YjdkMDk4"}
[debug] [2023-11-13T20:25:27.462Z] [Add Firebase Poller] Retrying task index 0
[debug] [2023-11-13T20:25:27.463Z] >>> [apiv2][query] GET https://firebase.googleapis.com/v1beta1/operations/workflows/YjEwMTZjMTItYjA2ZS00YzI1LTk2ZjgtYjIyZjU5YjdkMDk4 [none]
[debug] [2023-11-13T20:25:28.760Z] <<< [apiv2][status] GET https://firebase.googleapis.com/v1beta1/operations/workflows/YjEwMTZjMTItYjA2ZS00YzI1LTk2ZjgtYjIyZjU5YjdkMDk4 200
[debug] [2023-11-13T20:25:28.760Z] <<< [apiv2][body] GET https://firebase.googleapis.com/v1beta1/operations/workflows/YjEwMTZjMTItYjA2ZS00YzI1LTk2ZjgtYjIyZjU5YjdkMDk4 {"name":"operations/workflows/YjEwMTZjMTItYjA2ZS00YzI1LTk2ZjgtYjIyZjU5YjdkMDk4","done":true,"response":{"@type":"type.googleapis.com/google.firebase.service.v1beta1.FirebaseProject","projectId":"dilanddsfinalproject11","projectNumber":"296151000693","displayName":"dilanddsfinalprojecthost","name":"projects/dilanddsfinalproject11","resources":{"hostingSite":"dilanddsfinalproject11"}}}
[info] 
[info] === Your Firebase project is ready! ===
[info] 
[info] Project information:
[info]    - Project ID: dilanddsfinalproject11
[info]    - Project Name: dilanddsfinalprojecthost
[info] 
[info] Firebase console is available at
[info] https://console.firebase.google.com/project/dilanddsfinalproject11/overview
[info] i  Using project dilanddsfinalproject11 (dilanddsfinalprojecthost) 
[info] 
=== Hosting Setup
[info] 
[info] Your public directory is the folder (relative to your project directory) that
[info] will contain Hosting assets to be uploaded with firebase deploy. If you
[info] have a build process for your assets, use your build's output directory.
[info] 
[debug] [2023-11-13T20:29:32.482Z] >>> [apiv2][query] GET https://www.gstatic.com/firebasejs/releases.json [none]
[debug] [2023-11-13T20:29:32.678Z] <<< [apiv2][status] GET https://www.gstatic.com/firebasejs/releases.json 200
[debug] [2023-11-13T20:29:32.678Z] <<< [apiv2][body] GET https://www.gstatic.com/firebasejs/releases.json {"current":{"version":"10.6.0","browserURL":"https://www.gstatic.com/firebasejs/10.6.0/firebase.js","packageURL":"https://www.gstatic.com/firebasejs/10.6.0/firebase.tgz"},"live":{"version":"10.6","browserURL":"https://www.gstatic.com/firebasejs/live/10.6/firebase.js","packageURL":"https://www.gstatic.com/firebasejs/live/10.6/firebase.tgz"},"components":{"analytics":"https://www.gstatic.com/firebasejs/10.6.0/firebase-analytics.js","app":"https://www.gstatic.com/firebasejs/10.6.0/firebase-app.js","app-check":"https://www.gstatic.com/firebasejs/10.6.0/firebase-app-check.js","auth":"https://www.gstatic.com/firebasejs/10.6.0/firebase-auth.js","auth/cordova":"https://www.gstatic.com/firebasejs/10.6.0/firebase-auth/cordova.js","functions":"https://www.gstatic.com/firebasejs/10.6.0/firebase-functions.js","firestore":"https://www.gstatic.com/firebasejs/10.6.0/firebase-firestore.js","firestore/lite":"https://www.gstatic.com/firebasejs/10.6.0/firebase-firestore/lite.js","installations":"https://www.gstatic.com/firebasejs/10.6.0/firebase-installations.js","storage":"https://www.gstatic.com/firebasejs/10.6.0/firebase-storage.js","performance":"https://www.gstatic.com/firebasejs/10.6.0/firebase-performance.js","remote-config":"https://www.gstatic.com/firebasejs/10.6.0/firebase-remote-config.js","messaging":"https://www.gstatic.com/firebasejs/10.6.0/firebase-messaging.js","messaging/sw":"https://www.gstatic.com/firebasejs/10.6.0/firebase-messaging/sw.js","database":"https://www.gstatic.com/firebasejs/10.6.0/firebase-database.js","firestore.memory":"https://www.gstatic.com/firebasejs/10.6.0/firebase-firestore.memory.js"}}
[info] +  Wrote build/index.html 
[info] 
[info] i  Detected a .git folder at D:\reserch-poshad-code\e17-4yp-Virtual-Patient-Simulator-for-Skill-Training-in-Dentistry 
[info] i  Authorizing with GitHub to upload your service account to a GitHub repository's secrets store. 
[info] 
[info] Visit this URL on this device to log in:
[info] https://github.com/login/oauth/authorize?client_id=89cf50f02ac6aaed3484&state=315446110&redirect_uri=http%3A%2F%2Flocalhost%3A9005&scope=read%3Auser%20repo%20public_repo
[info] 
[info] Waiting for authentication...
[debug] [2023-11-13T20:29:54.041Z] >>> [apiv2][query] POST https://github.com/login/oauth/access_token [none]
[debug] [2023-11-13T20:29:54.041Z] >>> [apiv2][body] POST https://github.com/login/oauth/access_token [stream]
[debug] [2023-11-13T20:29:54.566Z] <<< [apiv2][status] POST https://github.com/login/oauth/access_token 200
[debug] [2023-11-13T20:29:54.566Z] <<< [apiv2][body] POST https://github.com/login/oauth/access_token {"access_token":"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","token_type":"bearer","scope":"read:user,repo"}
[debug] [2023-11-13T20:29:54.577Z] >>> [apiv2][query] GET https://api.github.com/user [none]
[debug] [2023-11-13T20:29:55.090Z] <<< [apiv2][status] GET https://api.github.com/user 200
[debug] [2023-11-13T20:29:55.090Z] <<< [apiv2][body] GET https://api.github.com/user {"login":"Dilandds","id":85847369,"node_id":"MDQ6VXNlcjg1ODQ3MzY5","avatar_url":"https://avatars.githubusercontent.com/u/85847369?v=4","gravatar_id":"","url":"https://api.github.com/users/Dilandds","html_url":"https://github.com/Dilandds","followers_url":"https://api.github.com/users/Dilandds/followers","following_url":"https://api.github.com/users/Dilandds/following{/other_user}","gists_url":"https://api.github.com/users/Dilandds/gists{/gist_id}","starred_url":"https://api.github.com/users/Dilandds/starred{/owner}{/repo}","subscriptions_url":"https://api.github.com/users/Dilandds/subscriptions","organizations_url":"https://api.github.com/users/Dilandds/orgs","repos_url":"https://api.github.com/users/Dilandds/repos","events_url":"https://api.github.com/users/Dilandds/events{/privacy}","received_events_url":"https://api.github.com/users/Dilandds/received_events","type":"User","site_admin":false,"name":"Dilandds","company":null,"blog":"https://www.linkedin.com/in/dilan-weerasinghe-077385232/","location":null,"email":null,"hireable":null,"bio":"Always try to do my best","twitter_username":null,"public_repos":40,"public_gists":0,"followers":0,"following":0,"created_at":"2021-06-13T19:59:12Z","updated_at":"2023-10-07T12:07:54Z","private_gists":0,"total_private_repos":2,"owned_private_repos":1,"disk_usage":536145,"collaborators":0,"two_factor_authentication":false,"plan":{"name":"free","space":976562499,"collaborators":0,"private_repos":10000}}
[info] 
[info] +  Success! Logged into GitHub as Dilandds 
[info] 
